Thu Apr 15 11:22:00 EDT 2010: java.util.NoSuchElementException: No line found
java.util.Scanner.nextLine(Unknown Source)
genspace.db.EventServer$Handler.run(EventServer.java:106)

Thu Apr 15 12:47:38 EDT 2010: com.microsoft.sqlserver.jdbc.SQLServerException: String or binary data would be truncated.
com.microsoft.sqlserver.jdbc.SQLServerException.makeFromDatabaseError(Unknown Source)
com.microsoft.sqlserver.jdbc.IOBuffer.processPackets(Unknown Source)
com.microsoft.sqlserver.jdbc.SQLServerPreparedStatement.getPrepExecResponse(Unknown Source)
com.microsoft.sqlserver.jdbc.SQLServerPreparedStatement.doExecutePreparedStatement(Unknown Source)
com.microsoft.sqlserver.jdbc.SQLServerPreparedStatement$PreparedStatementExecutionRequest.executeStatement(Unknown Source)
com.microsoft.sqlserver.jdbc.CancelableRequest.execute(Unknown Source)
com.microsoft.sqlserver.jdbc.SQLServerConnection.executeRequest(Unknown Source)
com.microsoft.sqlserver.jdbc.SQLServerPreparedStatement.executeUpdate(Unknown Source)
genspace.db.DatabaseManager.insertAnalysisEvent(DatabaseManager.java:81)
genspace.db.DatabaseManager.insertEvent(DatabaseManager.java:50)
genspace.db.XMLLoader.readAndLoad(XMLLoader.java:61)
genspace.db.EventServer$Handler.run(EventServer.java:141)

Thu Apr 15 17:21:00 EDT 2010: java.util.NoSuchElementException: No line found
java.util.Scanner.nextLine(Unknown Source)
genspace.db.EventServer$Handler.run(EventServer.java:106)

Fri Apr 16 15:14:22 EDT 2010: java.util.NoSuchElementException: No line found
java.util.Scanner.nextLine(Unknown Source)
genspace.db.EventServer$Handler.run(EventServer.java:106)

Wed Apr 21 19:05:06 EDT 2010: java.util.NoSuchElementException: No line found
java.util.Scanner.nextLine(Unknown Source)
genspace.db.EventServer$Handler.run(EventServer.java:106)

Wed Apr 21 19:38:15 EDT 2010: org.xml.sax.SAXParseException: The element type "value" must be terminated by the matching end-tag "</value>".
com.sun.org.apache.xerces.internal.parsers.DOMParser.parse(Unknown Source)
com.sun.org.apache.xerces.internal.jaxp.DocumentBuilderImpl.parse(Unknown Source)
javax.xml.parsers.DocumentBuilder.parse(Unknown Source)
genspace.db.XMLLoader.parseXmlFile(XMLLoader.java:83)
genspace.db.XMLLoader.readAndLoad(XMLLoader.java:52)
genspace.db.EventServer$Handler.run(EventServer.java:141)

Thu Apr 22 09:36:38 EDT 2010: java.util.NoSuchElementException: No line found
java.util.Scanner.nextLine(Unknown Source)
genspace.db.EventServer$Handler.run(EventServer.java:106)

Thu Apr 22 14:52:11 EDT 2010: java.util.NoSuchElementException: No line found
java.util.Scanner.nextLine(Unknown Source)
genspace.db.EventServer$Handler.run(EventServer.java:106)

Thu Apr 22 14:54:11 EDT 2010: java.util.NoSuchElementException: No line found
java.util.Scanner.nextLine(Unknown Source)
genspace.db.EventServer$Handler.run(EventServer.java:106)

Fri Apr 23 11:52:52 EDT 2010: java.util.NoSuchElementException: No line found
java.util.Scanner.nextLine(Unknown Source)
genspace.db.EventServer$Handler.run(EventServer.java:106)

Fri Apr 23 19:25:18 EDT 2010: java.util.NoSuchElementException: No line found
java.util.Scanner.nextLine(Unknown Source)
genspace.db.EventServer$Handler.run(EventServer.java:106)

Mon Apr 26 11:50:34 EDT 2010: java.util.NoSuchElementException: No line found
java.util.Scanner.nextLine(Unknown Source)
genspace.db.EventServer$Handler.run(EventServer.java:106)

Wed Apr 28 15:19:40 EDT 2010: java.util.NoSuchElementException: No line found
java.util.Scanner.nextLine(Unknown Source)
genspace.db.EventServer$Handler.run(EventServer.java:106)

Wed Apr 28 15:31:44 EDT 2010: java.util.NoSuchElementException: No line found
java.util.Scanner.nextLine(Unknown Source)
genspace.db.EventServer$Handler.run(EventServer.java:106)

Wed Apr 28 17:00:24 EDT 2010: java.util.NoSuchElementException: No line found
java.util.Scanner.nextLine(Unknown Source)
genspace.db.EventServer$Handler.run(EventServer.java:106)

Wed Apr 28 17:03:04 EDT 2010: java.util.NoSuchElementException: No line found
java.util.Scanner.nextLine(Unknown Source)
genspace.db.EventServer$Handler.run(EventServer.java:106)

Wed Apr 28 17:04:23 EDT 2010: java.util.NoSuchElementException: No line found
java.util.Scanner.nextLine(Unknown Source)
genspace.db.EventServer$Handler.run(EventServer.java:106)

Wed Apr 28 17:05:04 EDT 2010: java.util.NoSuchElementException: No line found
java.util.Scanner.nextLine(Unknown Source)
genspace.db.EventServer$Handler.run(EventServer.java:106)

Wed Apr 28 17:05:41 EDT 2010: java.util.NoSuchElementException: No line found
java.util.Scanner.nextLine(Unknown Source)
genspace.db.EventServer$Handler.run(EventServer.java:106)

Wed Apr 28 17:07:01 EDT 2010: java.util.NoSuchElementException: No line found
java.util.Scanner.nextLine(Unknown Source)
genspace.db.EventServer$Handler.run(EventServer.java:106)

Wed Apr 28 23:10:19 EDT 2010: org.xml.sax.SAXParseException: The entity name must immediately follow the '&' in the entity reference.
com.sun.org.apache.xerces.internal.parsers.DOMParser.parse(Unknown Source)
com.sun.org.apache.xerces.internal.jaxp.DocumentBuilderImpl.parse(Unknown Source)
javax.xml.parsers.DocumentBuilder.parse(Unknown Source)
genspace.db.XMLLoader.parseXmlFile(XMLLoader.java:83)
genspace.db.XMLLoader.readAndLoad(XMLLoader.java:52)
genspace.db.EventServer$Handler.run(EventServer.java:141)

Thu Apr 29 11:37:55 EDT 2010: java.util.NoSuchElementException: No line found
java.util.Scanner.nextLine(Unknown Source)
genspace.db.EventServer$Handler.run(EventServer.java:106)

Thu Apr 29 11:40:48 EDT 2010: java.util.NoSuchElementException: No line found
java.util.Scanner.nextLine(Unknown Source)
genspace.db.EventServer$Handler.run(EventServer.java:106)

Thu Apr 29 11:41:20 EDT 2010: java.util.NoSuchElementException: No line found
java.util.Scanner.nextLine(Unknown Source)
genspace.db.EventServer$Handler.run(EventServer.java:106)

Thu Apr 29 17:53:38 EDT 2010: java.util.NoSuchElementException: No line found
java.util.Scanner.nextLine(Unknown Source)
genspace.db.EventServer$Handler.run(EventServer.java:106)

Thu Apr 29 18:20:34 EDT 2010: java.util.NoSuchElementException: No line found
java.util.Scanner.nextLine(Unknown Source)
genspace.db.EventServer$Handler.run(EventServer.java:106)

Fri Apr 30 16:36:44 EDT 2010: java.util.NoSuchElementException: No line found
java.util.Scanner.nextLine(Unknown Source)
genspace.db.EventServer$Handler.run(EventServer.java:106)

Fri Apr 30 21:13:16 EDT 2010: java.util.NoSuchElementException: No line found
java.util.Scanner.nextLine(Unknown Source)
genspace.db.EventServer$Handler.run(EventServer.java:106)

Fri Apr 30 21:56:09 EDT 2010: java.util.NoSuchElementException: No line found
java.util.Scanner.nextLine(Unknown Source)
genspace.db.EventServer$Handler.run(EventServer.java:106)

Fri Apr 30 22:30:40 EDT 2010: java.util.NoSuchElementException: No line found
java.util.Scanner.nextLine(Unknown Source)
genspace.db.EventServer$Handler.run(EventServer.java:106)

Sat May 01 15:24:55 EDT 2010: java.util.NoSuchElementException: No line found
java.util.Scanner.nextLine(Unknown Source)
genspace.db.EventServer$Handler.run(EventServer.java:106)

Sat May 01 17:55:57 EDT 2010: java.util.NoSuchElementException: No line found
java.util.Scanner.nextLine(Unknown Source)
genspace.db.EventServer$Handler.run(EventServer.java:106)

Sun May 02 15:44:44 EDT 2010: java.util.NoSuchElementException: No line found
java.util.Scanner.nextLine(Unknown Source)
genspace.db.EventServer$Handler.run(EventServer.java:106)

Sun May 02 17:52:32 EDT 2010: java.util.NoSuchElementException: No line found
java.util.Scanner.nextLine(Unknown Source)
genspace.db.EventServer$Handler.run(EventServer.java:106)

Sun May 02 21:06:31 EDT 2010: java.util.NoSuchElementException: No line found
java.util.Scanner.nextLine(Unknown Source)
genspace.db.EventServer$Handler.run(EventServer.java:106)

Mon May 03 10:06:34 EDT 2010: java.util.NoSuchElementException: No line found
java.util.Scanner.nextLine(Unknown Source)
genspace.db.EventServer$Handler.run(EventServer.java:106)

Mon May 03 10:08:00 EDT 2010: java.util.NoSuchElementException: No line found
java.util.Scanner.nextLine(Unknown Source)
genspace.db.EventServer$Handler.run(EventServer.java:106)

Mon May 03 10:31:33 EDT 2010: java.util.NoSuchElementException: No line found
java.util.Scanner.nextLine(Unknown Source)
genspace.db.EventServer$Handler.run(EventServer.java:106)

Mon May 03 10:34:32 EDT 2010: java.util.NoSuchElementException: No line found
java.util.Scanner.nextLine(Unknown Source)
genspace.db.EventServer$Handler.run(EventServer.java:106)

Mon May 03 15:24:23 EDT 2010: java.util.NoSuchElementException: No line found
java.util.Scanner.nextLine(Unknown Source)
genspace.db.EventServer$Handler.run(EventServer.java:106)

Mon May 03 16:26:19 EDT 2010: java.util.NoSuchElementException: No line found
java.util.Scanner.nextLine(Unknown Source)
genspace.db.EventServer$Handler.run(EventServer.java:106)

Mon May 03 16:56:05 EDT 2010: java.util.NoSuchElementException: No line found
java.util.Scanner.nextLine(Unknown Source)
genspace.db.EventServer$Handler.run(EventServer.java:106)

Mon May 03 17:26:03 EDT 2010: java.util.NoSuchElementException: No line found
java.util.Scanner.nextLine(Unknown Source)
genspace.db.EventServer$Handler.run(EventServer.java:106)

Tue May 04 13:51:16 EDT 2010: java.util.NoSuchElementException: No line found
java.util.Scanner.nextLine(Unknown Source)
genspace.db.EventServer$Handler.run(EventServer.java:106)

Tue May 04 14:14:16 EDT 2010: java.util.NoSuchElementException: No line found
java.util.Scanner.nextLine(Unknown Source)
genspace.db.EventServer$Handler.run(EventServer.java:106)

Tue May 04 16:16:36 EDT 2010: java.util.NoSuchElementException: No line found
java.util.Scanner.nextLine(Unknown Source)
genspace.db.EventServer$Handler.run(EventServer.java:106)

Tue May 04 16:27:46 EDT 2010: java.util.NoSuchElementException: No line found
java.util.Scanner.nextLine(Unknown Source)
genspace.db.EventServer$Handler.run(EventServer.java:106)

Tue May 04 16:28:43 EDT 2010: java.util.NoSuchElementException: No line found
java.util.Scanner.nextLine(Unknown Source)
genspace.db.EventServer$Handler.run(EventServer.java:106)

Tue May 04 16:31:40 EDT 2010: java.util.NoSuchElementException: No line found
java.util.Scanner.nextLine(Unknown Source)
genspace.db.EventServer$Handler.run(EventServer.java:106)

Tue May 04 16:33:12 EDT 2010: java.util.NoSuchElementException: No line found
java.util.Scanner.nextLine(Unknown Source)
genspace.db.EventServer$Handler.run(EventServer.java:106)

Tue May 04 16:35:36 EDT 2010: java.util.NoSuchElementException: No line found
java.util.Scanner.nextLine(Unknown Source)
genspace.db.EventServer$Handler.run(EventServer.java:106)

Tue May 04 16:38:07 EDT 2010: java.util.NoSuchElementException: No line found
java.util.Scanner.nextLine(Unknown Source)
genspace.db.EventServer$Handler.run(EventServer.java:106)

Tue May 04 16:49:30 EDT 2010: java.util.NoSuchElementException: No line found
java.util.Scanner.nextLine(Unknown Source)
genspace.db.EventServer$Handler.run(EventServer.java:106)

Tue May 04 16:52:51 EDT 2010: java.util.NoSuchElementException: No line found
java.util.Scanner.nextLine(Unknown Source)
genspace.db.EventServer$Handler.run(EventServer.java:106)

Tue May 04 17:48:51 EDT 2010: java.util.NoSuchElementException: No line found
java.util.Scanner.nextLine(Unknown Source)
genspace.db.EventServer$Handler.run(EventServer.java:106)

Tue May 04 20:40:00 EDT 2010: java.util.NoSuchElementException: No line found
java.util.Scanner.nextLine(Unknown Source)
genspace.db.EventServer$Handler.run(EventServer.java:106)

Tue May 04 20:44:16 EDT 2010: java.util.NoSuchElementException: No line found
java.util.Scanner.nextLine(Unknown Source)
genspace.db.EventServer$Handler.run(EventServer.java:106)

Tue May 04 20:47:15 EDT 2010: java.util.NoSuchElementException: No line found
java.util.Scanner.nextLine(Unknown Source)
genspace.db.EventServer$Handler.run(EventServer.java:106)

Tue May 04 21:19:40 EDT 2010: java.util.NoSuchElementException: No line found
java.util.Scanner.nextLine(Unknown Source)
genspace.db.EventServer$Handler.run(EventServer.java:106)

Wed May 05 12:00:46 EDT 2010: java.util.NoSuchElementException: No line found
java.util.Scanner.nextLine(Unknown Source)
genspace.db.EventServer$Handler.run(EventServer.java:106)

Wed May 05 16:05:10 EDT 2010: java.util.NoSuchElementException: No line found
java.util.Scanner.nextLine(Unknown Source)
genspace.db.EventServer$Handler.run(EventServer.java:106)

Wed May 05 16:51:03 EDT 2010: java.util.NoSuchElementException: No line found
java.util.Scanner.nextLine(Unknown Source)
genspace.db.EventServer$Handler.run(EventServer.java:106)

Wed May 05 16:52:08 EDT 2010: java.util.NoSuchElementException: No line found
java.util.Scanner.nextLine(Unknown Source)
genspace.db.EventServer$Handler.run(EventServer.java:106)

Wed May 05 16:54:13 EDT 2010: java.util.NoSuchElementException: No line found
java.util.Scanner.nextLine(Unknown Source)
genspace.db.EventServer$Handler.run(EventServer.java:106)

Wed May 05 16:56:26 EDT 2010: java.util.NoSuchElementException: No line found
java.util.Scanner.nextLine(Unknown Source)
genspace.db.EventServer$Handler.run(EventServer.java:106)

Wed May 05 16:57:25 EDT 2010: java.util.NoSuchElementException: No line found
java.util.Scanner.nextLine(Unknown Source)
genspace.db.EventServer$Handler.run(EventServer.java:106)

Wed May 05 16:58:14 EDT 2010: java.util.NoSuchElementException: No line found
java.util.Scanner.nextLine(Unknown Source)
genspace.db.EventServer$Handler.run(EventServer.java:106)

Wed May 05 17:18:49 EDT 2010: java.util.NoSuchElementException: No line found
java.util.Scanner.nextLine(Unknown Source)
genspace.db.EventServer$Handler.run(EventServer.java:106)

Wed May 05 17:22:49 EDT 2010: java.util.NoSuchElementException: No line found
java.util.Scanner.nextLine(Unknown Source)
genspace.db.EventServer$Handler.run(EventServer.java:106)

Wed May 05 18:57:42 EDT 2010: java.util.NoSuchElementException: No line found
java.util.Scanner.nextLine(Unknown Source)
genspace.db.EventServer$Handler.run(EventServer.java:106)

Wed May 05 18:58:49 EDT 2010: java.util.NoSuchElementException: No line found
java.util.Scanner.nextLine(Unknown Source)
genspace.db.EventServer$Handler.run(EventServer.java:106)

Wed May 05 19:11:09 EDT 2010: java.util.NoSuchElementException: No line found
java.util.Scanner.nextLine(Unknown Source)
genspace.db.EventServer$Handler.run(EventServer.java:106)

Wed May 05 19:29:09 EDT 2010: java.util.NoSuchElementException: No line found
java.util.Scanner.nextLine(Unknown Source)
genspace.db.EventServer$Handler.run(EventServer.java:106)

Wed May 05 19:42:41 EDT 2010: java.util.NoSuchElementException: No line found
java.util.Scanner.nextLine(Unknown Source)
genspace.db.EventServer$Handler.run(EventServer.java:106)

Thu May 06 19:00:48 EDT 2010: java.util.NoSuchElementException: No line found
java.util.Scanner.nextLine(Unknown Source)
genspace.db.EventServer$Handler.run(EventServer.java:106)

Thu May 06 19:07:10 EDT 2010: java.util.NoSuchElementException: No line found
java.util.Scanner.nextLine(Unknown Source)
genspace.db.EventServer$Handler.run(EventServer.java:106)

Thu May 06 19:08:31 EDT 2010: java.util.NoSuchElementException: No line found
java.util.Scanner.nextLine(Unknown Source)
genspace.db.EventServer$Handler.run(EventServer.java:106)

Fri May 07 11:02:02 EDT 2010: java.util.NoSuchElementException: No line found
java.util.Scanner.nextLine(Unknown Source)
genspace.db.EventServer$Handler.run(EventServer.java:106)

Fri May 07 11:09:52 EDT 2010: java.util.NoSuchElementException: No line found
java.util.Scanner.nextLine(Unknown Source)
genspace.db.EventServer$Handler.run(EventServer.java:106)

Fri May 07 11:18:19 EDT 2010: java.util.NoSuchElementException: No line found
java.util.Scanner.nextLine(Unknown Source)
genspace.db.EventServer$Handler.run(EventServer.java:106)

Fri May 07 11:25:52 EDT 2010: java.util.NoSuchElementException: No line found
java.util.Scanner.nextLine(Unknown Source)
genspace.db.EventServer$Handler.run(EventServer.java:106)

Fri May 07 11:29:19 EDT 2010: java.util.NoSuchElementException: No line found
java.util.Scanner.nextLine(Unknown Source)
genspace.db.EventServer$Handler.run(EventServer.java:106)

Fri May 07 11:32:00 EDT 2010: java.util.NoSuchElementException: No line found
java.util.Scanner.nextLine(Unknown Source)
genspace.db.EventServer$Handler.run(EventServer.java:106)

Sat May 08 13:12:41 EDT 2010: java.util.NoSuchElementException: No line found
java.util.Scanner.nextLine(Unknown Source)
genspace.db.EventServer$Handler.run(EventServer.java:106)

Sat May 08 13:14:18 EDT 2010: java.util.NoSuchElementException: No line found
java.util.Scanner.nextLine(Unknown Source)
genspace.db.EventServer$Handler.run(EventServer.java:106)

Sat May 08 13:15:19 EDT 2010: java.util.NoSuchElementException: No line found
java.util.Scanner.nextLine(Unknown Source)
genspace.db.EventServer$Handler.run(EventServer.java:106)

Sat May 08 13:17:05 EDT 2010: java.util.NoSuchElementException: No line found
java.util.Scanner.nextLine(Unknown Source)
genspace.db.EventServer$Handler.run(EventServer.java:106)

Sat May 08 13:18:44 EDT 2010: java.util.NoSuchElementException: No line found
java.util.Scanner.nextLine(Unknown Source)
genspace.db.EventServer$Handler.run(EventServer.java:106)

Mon May 10 15:30:39 EDT 2010: java.util.NoSuchElementException: No line found
java.util.Scanner.nextLine(Unknown Source)
genspace.db.EventServer$Handler.run(EventServer.java:106)

Mon May 10 15:44:58 EDT 2010: java.util.NoSuchElementException: No line found
java.util.Scanner.nextLine(Unknown Source)
genspace.db.EventServer$Handler.run(EventServer.java:106)

Mon May 10 17:32:58 EDT 2010: java.util.NoSuchElementException: No line found
java.util.Scanner.nextLine(Unknown Source)
genspace.db.EventServer$Handler.run(EventServer.java:106)

Mon May 10 17:44:53 EDT 2010: java.util.NoSuchElementException: No line found
java.util.Scanner.nextLine(Unknown Source)
genspace.db.EventServer$Handler.run(EventServer.java:106)

Mon May 10 18:06:51 EDT 2010: java.util.NoSuchElementException: No line found
java.util.Scanner.nextLine(Unknown Source)
genspace.db.EventServer$Handler.run(EventServer.java:106)

Mon May 10 18:19:06 EDT 2010: java.util.NoSuchElementException: No line found
java.util.Scanner.nextLine(Unknown Source)
genspace.db.EventServer$Handler.run(EventServer.java:106)

Mon May 10 18:33:02 EDT 2010: java.util.NoSuchElementException: No line found
java.util.Scanner.nextLine(Unknown Source)
genspace.db.EventServer$Handler.run(EventServer.java:106)

Mon May 10 18:58:39 EDT 2010: java.util.NoSuchElementException: No line found
java.util.Scanner.nextLine(Unknown Source)
genspace.db.EventServer$Handler.run(EventServer.java:106)

Tue May 11 09:28:41 EDT 2010: java.util.NoSuchElementException: No line found
java.util.Scanner.nextLine(Unknown Source)
genspace.db.EventServer$Handler.run(EventServer.java:106)

Tue May 11 13:51:44 EDT 2010: org.xml.sax.SAXParseException: The element type "value" must be terminated by the matching end-tag "</value>".
com.sun.org.apache.xerces.internal.parsers.DOMParser.parse(Unknown Source)
com.sun.org.apache.xerces.internal.jaxp.DocumentBuilderImpl.parse(Unknown Source)
javax.xml.parsers.DocumentBuilder.parse(Unknown Source)
genspace.db.XMLLoader.parseXmlFile(XMLLoader.java:83)
genspace.db.XMLLoader.readAndLoad(XMLLoader.java:52)
genspace.db.EventServer$Handler.run(EventServer.java:141)

Tue May 11 17:36:19 EDT 2010: java.util.NoSuchElementException: No line found
java.util.Scanner.nextLine(Unknown Source)
genspace.db.EventServer$Handler.run(EventServer.java:106)

Tue May 11 17:36:31 EDT 2010: java.util.NoSuchElementException: No line found
java.util.Scanner.nextLine(Unknown Source)
genspace.db.EventServer$Handler.run(EventServer.java:106)

Tue May 11 18:11:36 EDT 2010: java.util.NoSuchElementException: No line found
java.util.Scanner.nextLine(Unknown Source)
genspace.db.EventServer$Handler.run(EventServer.java:106)

Tue May 11 18:19:11 EDT 2010: java.util.NoSuchElementException: No line found
java.util.Scanner.nextLine(Unknown Source)
genspace.db.EventServer$Handler.run(EventServer.java:106)

Tue May 11 18:21:00 EDT 2010: java.util.NoSuchElementException: No line found
java.util.Scanner.nextLine(Unknown Source)
genspace.db.EventServer$Handler.run(EventServer.java:106)

Tue May 11 18:38:27 EDT 2010: java.util.NoSuchElementException: No line found
java.util.Scanner.nextLine(Unknown Source)
genspace.db.EventServer$Handler.run(EventServer.java:106)

Tue May 11 18:44:41 EDT 2010: java.util.NoSuchElementException: No line found
java.util.Scanner.nextLine(Unknown Source)
genspace.db.EventServer$Handler.run(EventServer.java:106)

Tue May 11 18:50:14 EDT 2010: java.util.NoSuchElementException: No line found
java.util.Scanner.nextLine(Unknown Source)
genspace.db.EventServer$Handler.run(EventServer.java:106)

Tue May 11 18:57:34 EDT 2010: java.util.NoSuchElementException: No line found
java.util.Scanner.nextLine(Unknown Source)
genspace.db.EventServer$Handler.run(EventServer.java:106)

Wed May 12 12:15:06 EDT 2010: java.util.NoSuchElementException: No line found
java.util.Scanner.nextLine(Unknown Source)
genspace.db.EventServer$Handler.run(EventServer.java:106)

Wed May 12 12:20:03 EDT 2010: java.util.NoSuchElementException: No line found
java.util.Scanner.nextLine(Unknown Source)
genspace.db.EventServer$Handler.run(EventServer.java:106)

Wed May 12 12:20:59 EDT 2010: java.util.NoSuchElementException: No line found
java.util.Scanner.nextLine(Unknown Source)
genspace.db.EventServer$Handler.run(EventServer.java:106)

Wed May 12 14:32:04 EDT 2010: java.util.NoSuchElementException: No line found
java.util.Scanner.nextLine(Unknown Source)
genspace.db.EventServer$Handler.run(EventServer.java:106)

Wed May 12 14:55:32 EDT 2010: java.util.NoSuchElementException: No line found
java.util.Scanner.nextLine(Unknown Source)
genspace.db.EventServer$Handler.run(EventServer.java:106)

Wed May 12 15:50:49 EDT 2010: java.util.NoSuchElementException: No line found
java.util.Scanner.nextLine(Unknown Source)
genspace.db.EventServer$Handler.run(EventServer.java:106)

Wed May 12 15:51:36 EDT 2010: java.util.NoSuchElementException: No line found
java.util.Scanner.nextLine(Unknown Source)
genspace.db.EventServer$Handler.run(EventServer.java:106)

Wed May 12 16:07:31 EDT 2010: java.util.NoSuchElementException: No line found
java.util.Scanner.nextLine(Unknown Source)
genspace.db.EventServer$Handler.run(EventServer.java:106)

Wed May 12 16:23:51 EDT 2010: java.util.NoSuchElementException: No line found
java.util.Scanner.nextLine(Unknown Source)
genspace.db.EventServer$Handler.run(EventServer.java:106)

Wed May 12 16:26:35 EDT 2010: java.util.NoSuchElementException: No line found
java.util.Scanner.nextLine(Unknown Source)
genspace.db.EventServer$Handler.run(EventServer.java:106)

Wed May 12 16:27:22 EDT 2010: java.util.NoSuchElementException: No line found
java.util.Scanner.nextLine(Unknown Source)
genspace.db.EventServer$Handler.run(EventServer.java:106)

Wed May 12 16:45:52 EDT 2010: java.util.NoSuchElementException: No line found
java.util.Scanner.nextLine(Unknown Source)
genspace.db.EventServer$Handler.run(EventServer.java:106)

Wed May 12 16:48:38 EDT 2010: java.util.NoSuchElementException: No line found
java.util.Scanner.nextLine(Unknown Source)
genspace.db.EventServer$Handler.run(EventServer.java:106)

Wed May 12 16:50:05 EDT 2010: java.util.NoSuchElementException: No line found
java.util.Scanner.nextLine(Unknown Source)
genspace.db.EventServer$Handler.run(EventServer.java:106)

Wed May 12 16:50:52 EDT 2010: java.util.NoSuchElementException: No line found
java.util.Scanner.nextLine(Unknown Source)
genspace.db.EventServer$Handler.run(EventServer.java:106)

Wed May 12 17:25:41 EDT 2010: java.util.NoSuchElementException: No line found
java.util.Scanner.nextLine(Unknown Source)
genspace.db.EventServer$Handler.run(EventServer.java:106)

Thu May 13 12:30:46 EDT 2010: java.util.NoSuchElementException: No line found
java.util.Scanner.nextLine(Unknown Source)
genspace.db.EventServer$Handler.run(EventServer.java:106)

Thu May 13 15:33:36 EDT 2010: java.util.NoSuchElementException: No line found
java.util.Scanner.nextLine(Unknown Source)
genspace.db.EventServer$Handler.run(EventServer.java:106)

Thu May 13 15:37:10 EDT 2010: java.util.NoSuchElementException: No line found
java.util.Scanner.nextLine(Unknown Source)
genspace.db.EventServer$Handler.run(EventServer.java:106)

Thu May 13 15:38:24 EDT 2010: java.util.NoSuchElementException: No line found
java.util.Scanner.nextLine(Unknown Source)
genspace.db.EventServer$Handler.run(EventServer.java:106)

Thu May 13 15:49:37 EDT 2010: java.util.NoSuchElementException: No line found
java.util.Scanner.nextLine(Unknown Source)
genspace.db.EventServer$Handler.run(EventServer.java:106)

Thu May 13 16:00:32 EDT 2010: java.util.NoSuchElementException: No line found
java.util.Scanner.nextLine(Unknown Source)
genspace.db.EventServer$Handler.run(EventServer.java:106)

Fri May 14 00:13:10 EDT 2010: java.util.NoSuchElementException: No line found
java.util.Scanner.nextLine(Unknown Source)
genspace.db.EventServer$Handler.run(EventServer.java:106)

Fri May 14 10:29:49 EDT 2010: java.util.NoSuchElementException: No line found
java.util.Scanner.nextLine(Unknown Source)
genspace.db.EventServer$Handler.run(EventServer.java:106)

Fri May 14 10:34:53 EDT 2010: java.util.NoSuchElementException: No line found
java.util.Scanner.nextLine(Unknown Source)
genspace.db.EventServer$Handler.run(EventServer.java:106)

Fri May 14 10:53:42 EDT 2010: java.util.NoSuchElementException: No line found
java.util.Scanner.nextLine(Unknown Source)
genspace.db.EventServer$Handler.run(EventServer.java:106)

Fri May 14 11:39:05 EDT 2010: java.util.NoSuchElementException: No line found
java.util.Scanner.nextLine(Unknown Source)
genspace.db.EventServer$Handler.run(EventServer.java:106)

Fri May 14 11:57:54 EDT 2010: java.util.NoSuchElementException: No line found
java.util.Scanner.nextLine(Unknown Source)
genspace.db.EventServer$Handler.run(EventServer.java:106)

Fri May 14 12:09:08 EDT 2010: java.util.NoSuchElementException: No line found
java.util.Scanner.nextLine(Unknown Source)
genspace.db.EventServer$Handler.run(EventServer.java:106)

Fri May 14 12:14:48 EDT 2010: java.util.NoSuchElementException: No line found
java.util.Scanner.nextLine(Unknown Source)
genspace.db.EventServer$Handler.run(EventServer.java:106)

Fri May 14 13:25:36 EDT 2010: java.util.NoSuchElementException: No line found
java.util.Scanner.nextLine(Unknown Source)
genspace.db.EventServer$Handler.run(EventServer.java:106)

Fri May 14 16:14:13 EDT 2010: java.util.NoSuchElementException: No line found
java.util.Scanner.nextLine(Unknown Source)
genspace.db.EventServer$Handler.run(EventServer.java:106)

Fri May 14 16:26:11 EDT 2010: java.util.NoSuchElementException: No line found
java.util.Scanner.nextLine(Unknown Source)
genspace.db.EventServer$Handler.run(EventServer.java:106)

Fri May 14 17:55:10 EDT 2010: java.util.NoSuchElementException: No line found
java.util.Scanner.nextLine(Unknown Source)
genspace.db.EventServer$Handler.run(EventServer.java:106)

Fri May 14 18:06:59 EDT 2010: java.util.NoSuchElementException: No line found
java.util.Scanner.nextLine(Unknown Source)
genspace.db.EventServer$Handler.run(EventServer.java:106)

Mon May 17 11:07:03 EDT 2010: java.util.NoSuchElementException: No line found
java.util.Scanner.nextLine(Unknown Source)
genspace.db.EventServer$Handler.run(EventServer.java:106)

Mon May 17 11:20:31 EDT 2010: java.util.NoSuchElementException: No line found
java.util.Scanner.nextLine(Unknown Source)
genspace.db.EventServer$Handler.run(EventServer.java:106)

Mon May 17 12:10:23 EDT 2010: java.util.NoSuchElementException: No line found
java.util.Scanner.nextLine(Unknown Source)
genspace.db.EventServer$Handler.run(EventServer.java:106)

Mon May 17 12:26:08 EDT 2010: java.util.NoSuchElementException: No line found
java.util.Scanner.nextLine(Unknown Source)
genspace.db.EventServer$Handler.run(EventServer.java:106)

Mon May 17 12:29:18 EDT 2010: java.util.NoSuchElementException: No line found
java.util.Scanner.nextLine(Unknown Source)
genspace.db.EventServer$Handler.run(EventServer.java:106)

Mon May 17 12:32:17 EDT 2010: java.util.NoSuchElementException: No line found
java.util.Scanner.nextLine(Unknown Source)
genspace.db.EventServer$Handler.run(EventServer.java:106)

Mon May 17 12:56:10 EDT 2010: java.util.NoSuchElementException: No line found
java.util.Scanner.nextLine(Unknown Source)
genspace.db.EventServer$Handler.run(EventServer.java:106)

Mon May 17 12:59:25 EDT 2010: java.util.NoSuchElementException: No line found
java.util.Scanner.nextLine(Unknown Source)
genspace.db.EventServer$Handler.run(EventServer.java:106)

Mon May 17 13:16:22 EDT 2010: java.util.NoSuchElementException: No line found
java.util.Scanner.nextLine(Unknown Source)
genspace.db.EventServer$Handler.run(EventServer.java:106)

Mon May 17 13:55:04 EDT 2010: java.util.NoSuchElementException: No line found
java.util.Scanner.nextLine(Unknown Source)
genspace.db.EventServer$Handler.run(EventServer.java:106)

Mon May 17 14:56:40 EDT 2010: java.util.NoSuchElementException: No line found
java.util.Scanner.nextLine(Unknown Source)
genspace.db.EventServer$Handler.run(EventServer.java:106)

Mon May 17 15:34:29 EDT 2010: java.util.NoSuchElementException: No line found
java.util.Scanner.nextLine(Unknown Source)
genspace.db.EventServer$Handler.run(EventServer.java:106)

Mon May 17 15:48:55 EDT 2010: java.util.NoSuchElementException: No line found
java.util.Scanner.nextLine(Unknown Source)
genspace.db.EventServer$Handler.run(EventServer.java:106)

Mon May 17 16:29:40 EDT 2010: java.util.NoSuchElementException: No line found
java.util.Scanner.nextLine(Unknown Source)
genspace.db.EventServer$Handler.run(EventServer.java:106)

Mon May 17 16:31:07 EDT 2010: java.util.NoSuchElementException: No line found
java.util.Scanner.nextLine(Unknown Source)
genspace.db.EventServer$Handler.run(EventServer.java:106)

Mon May 17 16:37:06 EDT 2010: java.util.NoSuchElementException: No line found
java.util.Scanner.nextLine(Unknown Source)
genspace.db.EventServer$Handler.run(EventServer.java:106)

Mon May 17 16:45:30 EDT 2010: java.util.NoSuchElementException: No line found
java.util.Scanner.nextLine(Unknown Source)
genspace.db.EventServer$Handler.run(EventServer.java:106)

Mon May 17 16:47:50 EDT 2010: java.util.NoSuchElementException: No line found
java.util.Scanner.nextLine(Unknown Source)
genspace.db.EventServer$Handler.run(EventServer.java:106)

Mon May 17 16:56:12 EDT 2010: java.util.NoSuchElementException: No line found
java.util.Scanner.nextLine(Unknown Source)
genspace.db.EventServer$Handler.run(EventServer.java:106)

Mon May 17 16:57:02 EDT 2010: java.util.NoSuchElementException: No line found
java.util.Scanner.nextLine(Unknown Source)
genspace.db.EventServer$Handler.run(EventServer.java:106)

Mon May 17 17:11:03 EDT 2010: java.util.NoSuchElementException: No line found
java.util.Scanner.nextLine(Unknown Source)
genspace.db.EventServer$Handler.run(EventServer.java:106)

Mon May 17 17:17:05 EDT 2010: java.util.NoSuchElementException: No line found
java.util.Scanner.nextLine(Unknown Source)
genspace.db.EventServer$Handler.run(EventServer.java:106)

Mon May 17 17:26:18 EDT 2010: java.util.NoSuchElementException: No line found
java.util.Scanner.nextLine(Unknown Source)
genspace.db.EventServer$Handler.run(EventServer.java:106)

Mon May 17 18:15:25 EDT 2010: java.util.NoSuchElementException: No line found
java.util.Scanner.nextLine(Unknown Source)
genspace.db.EventServer$Handler.run(EventServer.java:106)

Mon May 17 18:19:12 EDT 2010: java.util.NoSuchElementException: No line found
java.util.Scanner.nextLine(Unknown Source)
genspace.db.EventServer$Handler.run(EventServer.java:106)

Mon May 17 18:33:56 EDT 2010: java.util.NoSuchElementException: No line found
java.util.Scanner.nextLine(Unknown Source)
genspace.db.EventServer$Handler.run(EventServer.java:106)

Tue May 18 09:28:00 EDT 2010: java.util.NoSuchElementException: No line found
java.util.Scanner.nextLine(Unknown Source)
genspace.db.EventServer$Handler.run(EventServer.java:106)

Tue May 18 11:10:25 EDT 2010: java.util.NoSuchElementException: No line found
java.util.Scanner.nextLine(Unknown Source)
genspace.db.EventServer$Handler.run(EventServer.java:106)

Tue May 18 11:10:51 EDT 2010: java.util.NoSuchElementException: No line found
java.util.Scanner.nextLine(Unknown Source)
genspace.db.EventServer$Handler.run(EventServer.java:106)

Tue May 18 11:32:01 EDT 2010: java.util.NoSuchElementException: No line found
java.util.Scanner.nextLine(Unknown Source)
genspace.db.EventServer$Handler.run(EventServer.java:106)

Tue May 18 12:06:33 EDT 2010: java.util.NoSuchElementException: No line found
java.util.Scanner.nextLine(Unknown Source)
genspace.db.EventServer$Handler.run(EventServer.java:106)

Tue May 18 14:42:54 EDT 2010: java.util.NoSuchElementException: No line found
java.util.Scanner.nextLine(Unknown Source)
genspace.db.EventServer$Handler.run(EventServer.java:106)

Tue May 18 14:44:22 EDT 2010: java.util.NoSuchElementException: No line found
java.util.Scanner.nextLine(Unknown Source)
genspace.db.EventServer$Handler.run(EventServer.java:106)

Tue May 18 14:46:30 EDT 2010: java.util.NoSuchElementException: No line found
java.util.Scanner.nextLine(Unknown Source)
genspace.db.EventServer$Handler.run(EventServer.java:106)

Tue May 18 14:47:31 EDT 2010: java.util.NoSuchElementException: No line found
java.util.Scanner.nextLine(Unknown Source)
genspace.db.EventServer$Handler.run(EventServer.java:106)

Tue May 18 15:13:55 EDT 2010: java.util.NoSuchElementException: No line found
java.util.Scanner.nextLine(Unknown Source)
genspace.db.EventServer$Handler.run(EventServer.java:106)

Tue May 18 15:45:24 EDT 2010: java.util.NoSuchElementException: No line found
java.util.Scanner.nextLine(Unknown Source)
genspace.db.EventServer$Handler.run(EventServer.java:106)

Tue May 18 15:50:45 EDT 2010: java.util.NoSuchElementException: No line found
java.util.Scanner.nextLine(Unknown Source)
genspace.db.EventServer$Handler.run(EventServer.java:106)

Tue May 18 20:00:30 EDT 2010: java.util.NoSuchElementException: No line found
java.util.Scanner.nextLine(Unknown Source)
genspace.db.EventServer$Handler.run(EventServer.java:106)

Wed May 19 09:40:38 EDT 2010: java.util.NoSuchElementException: No line found
java.util.Scanner.nextLine(Unknown Source)
genspace.db.EventServer$Handler.run(EventServer.java:106)

Wed May 19 09:59:10 EDT 2010: java.util.NoSuchElementException: No line found
java.util.Scanner.nextLine(Unknown Source)
genspace.db.EventServer$Handler.run(EventServer.java:106)

Wed May 19 10:00:31 EDT 2010: java.util.NoSuchElementException: No line found
java.util.Scanner.nextLine(Unknown Source)
genspace.db.EventServer$Handler.run(EventServer.java:106)

Wed May 19 10:02:28 EDT 2010: java.util.NoSuchElementException: No line found
java.util.Scanner.nextLine(Unknown Source)
genspace.db.EventServer$Handler.run(EventServer.java:106)

Wed May 19 10:02:55 EDT 2010: java.util.NoSuchElementException: No line found
java.util.Scanner.nextLine(Unknown Source)
genspace.db.EventServer$Handler.run(EventServer.java:106)

Wed May 19 10:03:04 EDT 2010: java.util.NoSuchElementException: No line found
java.util.Scanner.nextLine(Unknown Source)
genspace.db.EventServer$Handler.run(EventServer.java:106)

Wed May 19 10:03:34 EDT 2010: java.util.NoSuchElementException: No line found
java.util.Scanner.nextLine(Unknown Source)
genspace.db.EventServer$Handler.run(EventServer.java:106)

Wed May 19 10:16:17 EDT 2010: java.util.NoSuchElementException: No line found
java.util.Scanner.nextLine(Unknown Source)
genspace.db.EventServer$Handler.run(EventServer.java:106)

Wed May 19 10:26:45 EDT 2010: java.util.NoSuchElementException: No line found
java.util.Scanner.nextLine(Unknown Source)
genspace.db.EventServer$Handler.run(EventServer.java:106)

Wed May 19 10:46:43 EDT 2010: java.util.NoSuchElementException: No line found
java.util.Scanner.nextLine(Unknown Source)
genspace.db.EventServer$Handler.run(EventServer.java:106)

Wed May 19 10:47:02 EDT 2010: java.util.NoSuchElementException: No line found
java.util.Scanner.nextLine(Unknown Source)
genspace.db.EventServer$Handler.run(EventServer.java:106)

Wed May 19 10:47:38 EDT 2010: java.util.NoSuchElementException: No line found
java.util.Scanner.nextLine(Unknown Source)
genspace.db.EventServer$Handler.run(EventServer.java:106)

Wed May 19 10:48:25 EDT 2010: java.util.NoSuchElementException: No line found
java.util.Scanner.nextLine(Unknown Source)
genspace.db.EventServer$Handler.run(EventServer.java:106)

Wed May 19 10:49:27 EDT 2010: java.util.NoSuchElementException: No line found
java.util.Scanner.nextLine(Unknown Source)
genspace.db.EventServer$Handler.run(EventServer.java:106)

Wed May 19 10:49:42 EDT 2010: java.util.NoSuchElementException: No line found
java.util.Scanner.nextLine(Unknown Source)
genspace.db.EventServer$Handler.run(EventServer.java:106)

Wed May 19 11:05:25 EDT 2010: java.util.NoSuchElementException: No line found
java.util.Scanner.nextLine(Unknown Source)
genspace.db.EventServer$Handler.run(EventServer.java:106)

Wed May 19 11:11:47 EDT 2010: java.util.NoSuchElementException: No line found
java.util.Scanner.nextLine(Unknown Source)
genspace.db.EventServer$Handler.run(EventServer.java:106)

Wed May 19 11:43:18 EDT 2010: java.util.NoSuchElementException: No line found
java.util.Scanner.nextLine(Unknown Source)
genspace.db.EventServer$Handler.run(EventServer.java:106)

Wed May 19 11:49:57 EDT 2010: java.util.NoSuchElementException: No line found
java.util.Scanner.nextLine(Unknown Source)
genspace.db.EventServer$Handler.run(EventServer.java:106)

Wed May 19 12:41:14 EDT 2010: java.util.NoSuchElementException: No line found
java.util.Scanner.nextLine(Unknown Source)
genspace.db.EventServer$Handler.run(EventServer.java:106)

Wed May 19 13:59:32 EDT 2010: java.util.NoSuchElementException: No line found
java.util.Scanner.nextLine(Unknown Source)
genspace.db.EventServer$Handler.run(EventServer.java:106)

Wed May 19 14:58:33 EDT 2010: java.util.NoSuchElementException: No line found
java.util.Scanner.nextLine(Unknown Source)
genspace.db.EventServer$Handler.run(EventServer.java:106)

Wed May 19 15:12:28 EDT 2010: java.util.NoSuchElementException: No line found
java.util.Scanner.nextLine(Unknown Source)
genspace.db.EventServer$Handler.run(EventServer.java:106)

Wed May 19 16:34:33 EDT 2010: java.util.NoSuchElementException: No line found
java.util.Scanner.nextLine(Unknown Source)
genspace.db.EventServer$Handler.run(EventServer.java:106)

Wed May 19 16:35:28 EDT 2010: java.util.NoSuchElementException: No line found
java.util.Scanner.nextLine(Unknown Source)
genspace.db.EventServer$Handler.run(EventServer.java:106)

Wed May 19 16:41:35 EDT 2010: java.util.NoSuchElementException: No line found
java.util.Scanner.nextLine(Unknown Source)
genspace.db.EventServer$Handler.run(EventServer.java:106)

Wed May 19 16:50:53 EDT 2010: java.util.NoSuchElementException: No line found
java.util.Scanner.nextLine(Unknown Source)
genspace.db.EventServer$Handler.run(EventServer.java:106)

Wed May 19 16:54:41 EDT 2010: java.util.NoSuchElementException: No line found
java.util.Scanner.nextLine(Unknown Source)
genspace.db.EventServer$Handler.run(EventServer.java:106)

Wed May 19 17:02:11 EDT 2010: java.util.NoSuchElementException: No line found
java.util.Scanner.nextLine(Unknown Source)
genspace.db.EventServer$Handler.run(EventServer.java:106)

Wed May 19 17:04:50 EDT 2010: java.util.NoSuchElementException: No line found
java.util.Scanner.nextLine(Unknown Source)
genspace.db.EventServer$Handler.run(EventServer.java:106)

Wed May 19 18:08:11 EDT 2010: java.util.NoSuchElementException: No line found
java.util.Scanner.nextLine(Unknown Source)
genspace.db.EventServer$Handler.run(EventServer.java:106)

Wed May 19 18:12:31 EDT 2010: java.util.NoSuchElementException: No line found
java.util.Scanner.nextLine(Unknown Source)
genspace.db.EventServer$Handler.run(EventServer.java:106)

Wed May 19 18:13:18 EDT 2010: java.util.NoSuchElementException: No line found
java.util.Scanner.nextLine(Unknown Source)
genspace.db.EventServer$Handler.run(EventServer.java:106)

Wed May 19 18:13:58 EDT 2010: java.util.NoSuchElementException: No line found
java.util.Scanner.nextLine(Unknown Source)
genspace.db.EventServer$Handler.run(EventServer.java:106)

Wed May 19 18:15:02 EDT 2010: java.util.NoSuchElementException: No line found
java.util.Scanner.nextLine(Unknown Source)
genspace.db.EventServer$Handler.run(EventServer.java:106)

Wed May 19 18:15:51 EDT 2010: java.util.NoSuchElementException: No line found
java.util.Scanner.nextLine(Unknown Source)
genspace.db.EventServer$Handler.run(EventServer.java:106)

Wed May 19 18:17:52 EDT 2010: java.util.NoSuchElementException: No line found
java.util.Scanner.nextLine(Unknown Source)
genspace.db.EventServer$Handler.run(EventServer.java:106)

Wed May 19 18:20:16 EDT 2010: java.util.NoSuchElementException: No line found
java.util.Scanner.nextLine(Unknown Source)
genspace.db.EventServer$Handler.run(EventServer.java:106)

Wed May 19 18:41:10 EDT 2010: java.util.NoSuchElementException: No line found
java.util.Scanner.nextLine(Unknown Source)
genspace.db.EventServer$Handler.run(EventServer.java:106)

Thu May 20 12:00:39 EDT 2010: java.util.NoSuchElementException: No line found
java.util.Scanner.nextLine(Unknown Source)
genspace.db.EventServer$Handler.run(EventServer.java:106)

Thu May 20 13:14:25 EDT 2010: java.util.NoSuchElementException: No line found
java.util.Scanner.nextLine(Unknown Source)
genspace.db.EventServer$Handler.run(EventServer.java:106)

Thu May 20 15:13:19 EDT 2010: java.util.NoSuchElementException: No line found
java.util.Scanner.nextLine(Unknown Source)
genspace.db.EventServer$Handler.run(EventServer.java:106)

Thu May 20 15:36:07 EDT 2010: java.util.NoSuchElementException: No line found
java.util.Scanner.nextLine(Unknown Source)
genspace.db.EventServer$Handler.run(EventServer.java:106)

Thu May 20 15:56:04 EDT 2010: java.util.NoSuchElementException: No line found
java.util.Scanner.nextLine(Unknown Source)
genspace.db.EventServer$Handler.run(EventServer.java:106)

Thu May 20 16:26:08 EDT 2010: java.util.NoSuchElementException: No line found
java.util.Scanner.nextLine(Unknown Source)
genspace.db.EventServer$Handler.run(EventServer.java:106)

